12:52:31.749 [background-preinit] INFO  o.h.v.i.util.Version - [<clinit>,21] - HV000001: Hibernate Validator 6.0.21.Final
12:52:31.782 [main] INFO  c.wyp.WypApplication - [logStarting,55] - Starting WypApplication on Michaels-MacBook-Pro.local with PID 72828 (/Users/michaelma/Desktop/Workspace/Unorganizable/Faye/Faye2/offer/target/offer-4.6.1.jar started by michaelma in /Users/michaelma/Desktop/Workspace/Unorganizable/Faye/Faye2/offer/target)
12:52:31.785 [main] INFO  c.wyp.WypApplication - [logStartupProfileInfo,655] - The following profiles are active: druid
12:52:32.967 [main] INFO  o.a.s.c.e.EhCacheManager - [getCache,169] - Using existing EHCache named [sys-authCache]
12:52:33.675 [main] INFO  o.a.s.c.e.EhCacheManager - [getCache,169] - Using existing EHCache named [loginRecordCache]
12:52:50.994 [main] INFO  c.a.d.p.DruidDataSource - [init,985] - {dataSource-1} inited
12:52:51.378 [main] INFO  o.a.s.c.e.EhCacheManager - [getCache,169] - Using existing EHCache named [sys-config]
12:52:51.381 [main] INFO  o.a.s.c.e.EhCacheManager - [getCache,169] - Using existing EHCache named [sys-config]
12:52:51.381 [main] INFO  o.a.s.c.e.EhCacheManager - [getCache,169] - Using existing EHCache named [sys-config]
12:52:51.382 [main] INFO  o.a.s.c.e.EhCacheManager - [getCache,169] - Using existing EHCache named [sys-config]
12:52:51.382 [main] INFO  o.a.s.c.e.EhCacheManager - [getCache,169] - Using existing EHCache named [sys-config]
12:52:51.382 [main] INFO  o.a.s.c.e.EhCacheManager - [getCache,169] - Using existing EHCache named [sys-config]
12:52:51.383 [main] INFO  o.a.s.c.e.EhCacheManager - [getCache,169] - Using existing EHCache named [sys-config]
12:52:51.383 [main] INFO  o.a.s.c.e.EhCacheManager - [getCache,169] - Using existing EHCache named [sys-config]
12:52:51.483 [main] INFO  o.a.s.c.e.EhCacheManager - [getCache,169] - Using existing EHCache named [sys-userCache]
12:52:51.694 [main] INFO  o.a.c.h.Http11NioProtocol - [log,173] - Initializing ProtocolHandler ["http-nio-80"]
12:52:51.695 [main] INFO  o.a.c.c.StandardService - [log,173] - Starting service [Tomcat]
12:52:51.695 [main] INFO  o.a.c.c.StandardEngine - [log,173] - Starting Servlet engine: [Apache Tomcat/9.0.41]
12:52:51.734 [main] INFO  o.a.c.c.C.[.[.[/] - [log,173] - Initializing Spring embedded WebApplicationContext
12:52:52.300 [main] INFO  o.a.s.c.e.EhCacheManager - [getCache,169] - Using existing EHCache named [sys-dict]
12:52:52.519 [main] INFO  o.a.s.c.e.EhCacheManager - [getCache,169] - Using existing EHCache named [sys-dict]
12:52:52.741 [main] INFO  o.a.s.c.e.EhCacheManager - [getCache,169] - Using existing EHCache named [sys-dict]
12:52:52.970 [main] INFO  o.a.s.c.e.EhCacheManager - [getCache,169] - Using existing EHCache named [sys-dict]
12:52:53.193 [main] INFO  o.a.s.c.e.EhCacheManager - [getCache,169] - Using existing EHCache named [sys-dict]
12:52:53.416 [main] INFO  o.a.s.c.e.EhCacheManager - [getCache,169] - Using existing EHCache named [sys-dict]
12:52:53.637 [main] INFO  o.a.s.c.e.EhCacheManager - [getCache,169] - Using existing EHCache named [sys-dict]
12:52:53.870 [main] INFO  o.a.s.c.e.EhCacheManager - [getCache,169] - Using existing EHCache named [sys-dict]
12:52:54.098 [main] INFO  o.a.s.c.e.EhCacheManager - [getCache,169] - Using existing EHCache named [sys-dict]
12:52:54.322 [main] INFO  o.a.s.c.e.EhCacheManager - [getCache,169] - Using existing EHCache named [sys-dict]
12:52:54.548 [main] INFO  o.a.s.c.e.EhCacheManager - [getCache,169] - Using existing EHCache named [sys-dict]
12:52:54.769 [main] INFO  o.a.s.c.e.EhCacheManager - [getCache,169] - Using existing EHCache named [sys-dict]
12:52:54.991 [main] INFO  o.a.s.c.e.EhCacheManager - [getCache,169] - Using existing EHCache named [sys-dict]
12:52:55.226 [main] INFO  o.a.s.c.e.EhCacheManager - [getCache,169] - Using existing EHCache named [sys-dict]
12:52:55.449 [main] INFO  o.a.s.c.e.EhCacheManager - [getCache,169] - Using existing EHCache named [sys-dict]
12:52:55.671 [main] INFO  o.a.s.c.e.EhCacheManager - [getCache,169] - Using existing EHCache named [sys-dict]
12:52:55.908 [main] INFO  o.a.s.c.e.EhCacheManager - [getCache,169] - Using existing EHCache named [sys-dict]
12:52:56.135 [main] INFO  o.a.s.c.e.EhCacheManager - [getCache,169] - Using existing EHCache named [sys-dict]
12:52:56.364 [main] INFO  o.a.s.c.e.EhCacheManager - [getCache,169] - Using existing EHCache named [sys-dict]
12:52:57.102 [main] INFO  o.a.c.h.Http11NioProtocol - [log,173] - Starting ProtocolHandler ["http-nio-80"]
12:52:57.118 [main] INFO  c.wyp.WypApplication - [logStarted,61] - Started WypApplication in 25.918 seconds (JVM running for 26.412)
12:52:58.841 [SpringContextShutdownHook] INFO  sys-user - [shutdownAsyncManager,54] - ====关闭后台任务任务线程池====
12:52:58.844 [SpringContextShutdownHook] INFO  sys-user - [shutdownEhCacheManager,63] - ====关闭缓存====
12:52:58.858 [SpringContextShutdownHook] INFO  c.a.d.p.DruidDataSource - [close,2032] - {dataSource-1} closing ...
12:52:58.866 [SpringContextShutdownHook] INFO  c.a.d.p.DruidDataSource - [close,2104] - {dataSource-1} closed
