20:50:58.503 [background-preinit] INFO  o.h.v.i.util.Version - [<clinit>,21] - HV000001: Hibernate Validator 6.0.21.Final
20:50:58.515 [restartedMain] INFO  c.wyp.WypApplication - [logStarting,55] - Starting WypApplication on Michaels-MacBook-Pro.local with PID 43983 (/Users/michaelma/Desktop/Workspace/Unorganizable/Faye/offer/target/classes started by michaelma in /Users/michaelma/Desktop/Workspace/Unorganizable/Faye/offer)
20:50:58.516 [restartedMain] INFO  c.wyp.WypApplication - [logStartupProfileInfo,655] - The following profiles are active: druid
20:50:59.923 [restartedMain] INFO  o.a.s.c.e.EhCacheManager - [getCache,169] - Using existing EHCache named [sys-authCache]
20:51:00.606 [restartedMain] INFO  o.a.s.c.e.EhCacheManager - [getCache,169] - Using existing EHCache named [loginRecordCache]
20:51:00.837 [restartedMain] INFO  c.a.d.p.DruidDataSource - [init,985] - {dataSource-1} inited
20:51:00.970 [restartedMain] INFO  o.a.s.c.e.EhCacheManager - [getCache,169] - Using existing EHCache named [sys-config]
20:51:00.973 [restartedMain] INFO  o.a.s.c.e.EhCacheManager - [getCache,169] - Using existing EHCache named [sys-config]
20:51:00.973 [restartedMain] INFO  o.a.s.c.e.EhCacheManager - [getCache,169] - Using existing EHCache named [sys-config]
20:51:00.974 [restartedMain] INFO  o.a.s.c.e.EhCacheManager - [getCache,169] - Using existing EHCache named [sys-config]
20:51:00.974 [restartedMain] INFO  o.a.s.c.e.EhCacheManager - [getCache,169] - Using existing EHCache named [sys-config]
20:51:00.974 [restartedMain] INFO  o.a.s.c.e.EhCacheManager - [getCache,169] - Using existing EHCache named [sys-config]
20:51:00.975 [restartedMain] INFO  o.a.s.c.e.EhCacheManager - [getCache,169] - Using existing EHCache named [sys-config]
20:51:00.975 [restartedMain] INFO  o.a.s.c.e.EhCacheManager - [getCache,169] - Using existing EHCache named [sys-config]
20:51:01.098 [restartedMain] INFO  o.a.s.c.e.EhCacheManager - [getCache,169] - Using existing EHCache named [sys-userCache]
20:51:01.376 [restartedMain] INFO  o.a.c.h.Http11NioProtocol - [log,173] - Initializing ProtocolHandler ["http-nio-80"]
20:51:01.376 [restartedMain] INFO  o.a.c.c.StandardService - [log,173] - Starting service [Tomcat]
20:51:01.376 [restartedMain] INFO  o.a.c.c.StandardEngine - [log,173] - Starting Servlet engine: [Apache Tomcat/9.0.41]
20:51:01.452 [restartedMain] INFO  o.a.c.h.Http11NioProtocol - [log,173] - Pausing ProtocolHandler ["http-nio-80"]
20:51:01.452 [restartedMain] INFO  o.a.c.c.StandardService - [log,173] - Stopping service [Tomcat]
20:51:01.453 [restartedMain] INFO  o.a.c.h.Http11NioProtocol - [log,173] - Destroying ProtocolHandler ["http-nio-80"]
20:51:01.458 [restartedMain] INFO  c.a.d.p.DruidDataSource - [close,2032] - {dataSource-1} closing ...
20:51:01.462 [restartedMain] INFO  c.a.d.p.DruidDataSource - [close,2104] - {dataSource-1} closed
